2023-04-11 10:12:03 +0000  Initial pipeline context: <IDEDistributionProcessingPipelineContext: 0x2cd448f40; archive(resolved)="<IDEArchive: 0x60000b5972a0>", distributionTask(resolved)="2", distributionDestination(resolved)="1", distributionMethod(resolved)="<IDEDistributionMethodiOSEnterprise: 0x60000528efb0>", team(resolved)="<IDEProvisioningDisambiguatableBasicTeam: 0x600004a089c0; teamID='29GD2HF977', teamName='Berliner Verkehrsbetriebe', teamType='Enterprise', username='sven.raskin@bvg.de', isFreeProvisioningTeam='0'>">
	Chain (14, self inclusive):
	<IDEDistributionProcessingPipelineContext: 0x2cd448f40; archive = "<IDEArchive: 0x60000b5972a0>", distributionMethod="<IDEDistributionMethodiOSEnterprise: 0x60000528efb0>", team="<IDEProvisioningDisambiguatableBasicTeam: 0x600004a089c0; teamID='29GD2HF977', teamName='Berliner Verkehrsbetriebe', teamType='Enterprise', username='sven.raskin@bvg.de', isFreeProvisioningTeam='0'>">
	<IDEDistributionProcessingPipelineContext: 0x2cd3eb430; archive = "<IDEArchive: 0x60000b5972a0>", distributionMethod="<IDEDistributionMethodiOSEnterprise: 0x60000528efb0>", team="<IDEProvisioningDisambiguatableBasicTeam: 0x600004a089c0; teamID='29GD2HF977', teamName='Berliner Verkehrsbetriebe', teamType='Enterprise', username='sven.raskin@bvg.de', isFreeProvisioningTeam='0'>">
	<IDEDistributionContext: 0x2bb249310; archive = "<IDEArchive: 0x60000b5972a0>", distributionMethod="<IDEDistributionMethodiOSEnterprise: 0x60000528efb0>", team="<IDEProvisioningDisambiguatableBasicTeam: 0x600004a089c0; teamID='29GD2HF977', teamName='Berliner Verkehrsbetriebe', teamType='Enterprise', username='sven.raskin@bvg.de', isFreeProvisioningTeam='0'>">
	<IDEDistributionContext: 0x2cfad5dd0; archive = "<IDEArchive: 0x60000b5972a0>", distributionMethod="<IDEDistributionMethodiOSEnterprise: 0x60000528efb0>", team="<IDEProvisioningDisambiguatableBasicTeam: 0x600004a089c0; teamID='29GD2HF977', teamName='Berliner Verkehrsbetriebe', teamType='Enterprise', username='sven.raskin@bvg.de', isFreeProvisioningTeam='0'>">
	<IDEDistributionContext: 0x10ad50660; archive = "<IDEArchive: 0x60000b5972a0>", distributionMethod="<IDEDistributionMethodiOSEnterprise: 0x60000528efb0>", team="<IDEProvisioningDisambiguatableBasicTeam: 0x600004a089c0; teamID='29GD2HF977', teamName='Berliner Verkehrsbetriebe', teamType='Enterprise', username='sven.raskin@bvg.de', isFreeProvisioningTeam='0'>">
	<IDEDistributionContext: 0x10ad3b540; archive = "<IDEArchive: 0x60000b5972a0>", distributionMethod="<IDEDistributionMethodiOSEnterprise: 0x60000528efb0>", team="<IDEProvisioningDisambiguatableBasicTeam: 0x600004a089c0; teamID='29GD2HF977', teamName='Berliner Verkehrsbetriebe', teamType='Enterprise', username='sven.raskin@bvg.de', isFreeProvisioningTeam='0'>">
	<IDEDistributionContext: 0x111b39df0; archive = "<IDEArchive: 0x60000b5972a0>", distributionMethod="<IDEDistributionMethodiOSEnterprise: 0x60000528efb0>", team="<IDEProvisioningDisambiguatableBasicTeam: 0x600004a089c0; teamID='29GD2HF977', teamName='Berliner Verkehrsbetriebe', teamType='Enterprise', username='sven.raskin@bvg.de', isFreeProvisioningTeam='0'>">
	<IDEDistributionContext: 0x111b315c0; archive = "<IDEArchive: 0x60000b5972a0>", distributionMethod="<IDEDistributionMethodiOSEnterprise: 0x60000528efb0>", team="<IDEProvisioningDisambiguatableBasicTeam: 0x600004a089c0; teamID='29GD2HF977', teamName='Berliner Verkehrsbetriebe', teamType='Enterprise', username='sven.raskin@bvg.de', isFreeProvisioningTeam='0'>">
	<IDEDistributionContext: 0x111b313a0; archive = "<IDEArchive: 0x60000b5972a0>", distributionMethod="<IDEDistributionMethodiOSEnterprise: 0x60000528efb0>", team="<IDEProvisioningDisambiguatableBasicTeam: 0x600004a089c0; teamID='29GD2HF977', teamName='Berliner Verkehrsbetriebe', teamType='Enterprise', username='sven.raskin@bvg.de', isFreeProvisioningTeam='0'>">
	<IDEDistributionContext: 0x111b31060; archive = "<IDEArchive: 0x60000b5972a0>", distributionMethod="<IDEDistributionMethodiOSEnterprise: 0x60000528efb0>", team="(null)">
	<IDEDistributionContext: 0x10ad40960; archive = "<IDEArchive: 0x60000b5972a0>", distributionMethod="<IDEDistributionMethodiOSEnterprise: 0x60000528efb0>", team="(null)">
	<IDEDistributionContext: 0x10ad499a0; archive = "<IDEArchive: 0x60000b5972a0>", distributionMethod="<IDEDistributionMethodiOSEnterprise: 0x60000528efb0>", team="(null)">
	<IDEDistributionContext: 0x2cfb4bde0; archive = "<IDEArchive: 0x60000b5972a0>", distributionMethod="<IDEDistributionMethodiOSEnterprise: 0x60000528efb0>", team="(null)">
	<IDEDistributionContext: 0x2cfb69310; archive = "<IDEArchive: 0x60000b5972a0>", distributionMethod="(null)", team="(null)">
</IDEDistributionProcessingPipelineContext: 0x2cd448f40>
2023-04-11 10:12:03 +0000  Processing step: IDEDistributionCreateDestRootStep
2023-04-11 10:12:03 +0000  Processing step: IDEDistributionCopyItemStep
2023-04-11 10:12:03 +0000  Running /usr/bin/ditto '-V' '/Users/maxxweb/Library/Developer/Xcode/Archives/2023-04-11/Parkfuchs 11.04.23, 12.07.xcarchive/Products/Applications/Parkfuchs.app' '/var/folders/my/pzqllj9n63s5k73vnbmxmwfm0000gn/T/XcodeDistPipeline.~~~a7IjjH/Root/Payload/Parkfuchs.app'
2023-04-11 10:12:03 +0000  >>> Copying /Users/maxxweb/Library/Developer/Xcode/Archives/2023-04-11/Parkfuchs 11.04.23, 12.07.xcarchive/Products/Applications/Parkfuchs.app 
2023-04-11 10:12:03 +0000  copying file ./_CodeSignature/CodeResources ... 
2023-04-11 10:12:03 +0000  2775 bytes for ./_CodeSignature/CodeResources
2023-04-11 10:12:03 +0000  copying file ./Parkfuchs ... 
2023-04-11 10:12:03 +0000  128576 bytes for ./Parkfuchs
2023-04-11 10:12:03 +0000  copying file ./AppIcon60x60@2x.png ... 
2023-04-11 10:12:03 +0000  13791 bytes for ./AppIcon60x60@2x.png
2023-04-11 10:12:03 +0000  copying file ./Assets.car ... 
2023-04-11 10:12:03 +0000  5645679 bytes for ./Assets.car
2023-04-11 10:12:03 +0000  copying file ./AppIcon76x76@2x~ipad.png ... 
18626 bytes for ./AppIcon76x76@2x~ipad.png
copying file ./embedded.mobileprovision ... 
17121 bytes for ./embedded.mobileprovision
copying file ./Info.plist ... 
1434 bytes for ./Info.plist
copying file ./PkgInfo ... 
2023-04-11 10:12:03 +0000  8 bytes for ./PkgInfo
2023-04-11 10:12:03 +0000  /usr/bin/ditto exited with 0
2023-04-11 10:12:03 +0000  Processing step: IDEDistributionEmbedProfileStep
2023-04-11 10:12:03 +0000  Processing step: IDEDistributionInfoPlistStep
2023-04-11 10:12:03 +0000  Skipping step: IDEDistributionInfoPlistStep because it said so
2023-04-11 10:12:03 +0000  Processing step: IDEDistributionAppThinningPlistStep
2023-04-11 10:12:03 +0000  Skipping step: IDEDistributionAppThinningPlistStep because it said so
2023-04-11 10:12:03 +0000  Processing step: IDEDistributionCompileBitcodeStep
2023-04-11 10:12:03 +0000  Skipping step: IDEDistributionCompileBitcodeStep because it said so
2023-04-11 10:12:03 +0000  Processing step: IDEDistributionCodeSlimmingStep
2023-04-11 10:12:03 +0000  Processing step: IDEDistributionCopyBCSymbolMapsStep
2023-04-11 10:12:03 +0000  Skipping step: IDEDistributionCopyBCSymbolMapsStep because it said so
2023-04-11 10:12:03 +0000  Processing step: IDEDistributionSymbolsStep
2023-04-11 10:12:03 +0000  Skipping step: IDEDistributionSymbolsStep because it said so
2023-04-11 10:12:03 +0000  Processing step: IDEDistributionAppThinningStep
2023-04-11 10:12:03 +0000  Skipping step: IDEDistributionAppThinningStep because it said so
2023-04-11 10:12:03 +0000  Processing step: IDEDistributionArchThinningStep
2023-04-11 10:12:03 +0000  Running /Applications/Xcode.app/Contents/Developer/Toolchains/XcodeDefault.xctoolchain/usr/bin/lipo '/var/folders/my/pzqllj9n63s5k73vnbmxmwfm0000gn/T/XcodeDistPipeline.~~~a7IjjH/Root/Payload/Parkfuchs.app/Parkfuchs' '-verify_arch' 'arm64e'
2023-04-11 10:12:03 +0000  /Applications/Xcode.app/Contents/Developer/Toolchains/XcodeDefault.xctoolchain/usr/bin/lipo exited with 1
2023-04-11 10:12:03 +0000  Skipping architecture thinning for item "Parkfuchs" because arch "arm64e" wasn't found
2023-04-11 10:12:03 +0000  Processing step: IDEDistributionODRStep
2023-04-11 10:12:03 +0000  Processing step: IDEDistributionStripXattrsStep
2023-04-11 10:12:03 +0000  Running /usr/bin/xattr '-crs' '/var/folders/my/pzqllj9n63s5k73vnbmxmwfm0000gn/T/XcodeDistPipeline.~~~a7IjjH/Root/Payload/Parkfuchs.app'
2023-04-11 10:12:03 +0000  /usr/bin/xattr exited with 0
2023-04-11 10:12:03 +0000  Processing step: IDEDistributionCodesignStep
2023-04-11 10:12:03 +0000  Entitlements for <IDEDistributionItem: 0x60000b5619e0; bundleID='-9GD2HF977.de.test.parkfuchs', path='<DVTFilePath:0x60000bbe5110:'/Users/maxxweb/Library/Developer/Xcode/Archives/2023-04-11/Parkfuchs 11.04.23, 12.07.xcarchive/Products/Applications/Parkfuchs.app'>', codeSigningInfo='<_DVTCodeSigningInformation_Path: 0x600013194e10; isSigned='1', isAdHocSigned='0', signingCertificate='<DVTSigningCertificate: 0x600002722310; name='Apple Development: Sven Raskin (TLG458L7D8)', hash='BB7D2762687112FD3A9664E8F1F1431119CE9B65', serialNumber='73E1A8EFF1893666792452A156418EC7', certificateKinds='(
    "1.2.840.113635.100.6.1.12",
    "1.2.840.113635.100.6.1.2"
), issueDate='2022-10-18 11:23:30 +0000''>', entitlements='{
    "application-identifier" = "29GD2HF977.-9GD2HF977.de.test.parkfuchs";
    "com.apple.developer.team-identifier" = 29GD2HF977;
    "get-task-allow" = 1;
}', teamID='29GD2HF977', identifier='-9GD2HF977.de.test.parkfuchs', executablePath='<DVTFilePath:0x60000bbda060:'/Users/maxxweb/Library/Developer/Xcode/Archives/2023-04-11/Parkfuchs 11.04.23, 12.07.xcarchive/Products/Applications/Parkfuchs.app/Parkfuchs'>', hardenedRuntime='0'>'>: {
    "application-identifier" = "29GD2HF977.-9GD2HF977.de.test.parkfuchs";
    "com.apple.developer.team-identifier" = 29GD2HF977;
    "get-task-allow" = 0;
}
2023-04-11 10:12:03 +0000  Entitlements for <IDEDistributionItem: 0x60000b5619e0; bundleID='-9GD2HF977.de.test.parkfuchs', path='<DVTFilePath:0x60000bbe5110:'/Users/maxxweb/Library/Developer/Xcode/Archives/2023-04-11/Parkfuchs 11.04.23, 12.07.xcarchive/Products/Applications/Parkfuchs.app'>', codeSigningInfo='<_DVTCodeSigningInformation_Path: 0x600013194e10; isSigned='1', isAdHocSigned='0', signingCertificate='<DVTSigningCertificate: 0x600002720580; name='Apple Development: Sven Raskin (TLG458L7D8)', hash='BB7D2762687112FD3A9664E8F1F1431119CE9B65', serialNumber='73E1A8EFF1893666792452A156418EC7', certificateKinds='(
    "1.2.840.113635.100.6.1.12",
    "1.2.840.113635.100.6.1.2"
), issueDate='2022-10-18 11:23:30 +0000''>', entitlements='{
    "application-identifier" = "29GD2HF977.-9GD2HF977.de.test.parkfuchs";
    "com.apple.developer.team-identifier" = 29GD2HF977;
    "get-task-allow" = 1;
}', teamID='29GD2HF977', identifier='-9GD2HF977.de.test.parkfuchs', executablePath='<DVTFilePath:0x60000bbda060:'/Users/maxxweb/Library/Developer/Xcode/Archives/2023-04-11/Parkfuchs 11.04.23, 12.07.xcarchive/Products/Applications/Parkfuchs.app/Parkfuchs'>', hardenedRuntime='0'>'> are: {
    "application-identifier" = "29GD2HF977.-9GD2HF977.de.test.parkfuchs";
    "com.apple.developer.team-identifier" = 29GD2HF977;
    "get-task-allow" = 0;
}
2023-04-11 10:12:03 +0000  Writing entitlements for <IDEDistributionItem: 0x60000b5619e0; bundleID='-9GD2HF977.de.test.parkfuchs', path='<DVTFilePath:0x60000bbe5110:'/Users/maxxweb/Library/Developer/Xcode/Archives/2023-04-11/Parkfuchs 11.04.23, 12.07.xcarchive/Products/Applications/Parkfuchs.app'>', codeSigningInfo='<_DVTCodeSigningInformation_Path: 0x600013194e10; isSigned='1', isAdHocSigned='0', signingCertificate='<DVTSigningCertificate: 0x600002723a70; name='Apple Development: Sven Raskin (TLG458L7D8)', hash='BB7D2762687112FD3A9664E8F1F1431119CE9B65', serialNumber='73E1A8EFF1893666792452A156418EC7', certificateKinds='(
    "1.2.840.113635.100.6.1.12",
    "1.2.840.113635.100.6.1.2"
), issueDate='2022-10-18 11:23:30 +0000''>', entitlements='{
    "application-identifier" = "29GD2HF977.-9GD2HF977.de.test.parkfuchs";
    "com.apple.developer.team-identifier" = 29GD2HF977;
    "get-task-allow" = 1;
}', teamID='29GD2HF977', identifier='-9GD2HF977.de.test.parkfuchs', executablePath='<DVTFilePath:0x60000bbda060:'/Users/maxxweb/Library/Developer/Xcode/Archives/2023-04-11/Parkfuchs 11.04.23, 12.07.xcarchive/Products/Applications/Parkfuchs.app/Parkfuchs'>', hardenedRuntime='0'>'> to: /var/folders/my/pzqllj9n63s5k73vnbmxmwfm0000gn/T/XcodeDistPipeline.~~~a7IjjH/entitlements~~~BL7Q5z
2023-04-11 10:12:03 +0000  Running /usr/bin/codesign '-vvv' '--force' '--sign' 'F6ADED7E81FC69355EA464293F1B2AA7FA79993A' '--entitlements' '/var/folders/my/pzqllj9n63s5k73vnbmxmwfm0000gn/T/XcodeDistPipeline.~~~a7IjjH/entitlements~~~BL7Q5z' '--generate-entitlement-der' '--preserve-metadata=identifier,flags,runtime' '/var/folders/my/pzqllj9n63s5k73vnbmxmwfm0000gn/T/XcodeDistPipeline.~~~a7IjjH/Root/Payload/Parkfuchs.app'
2023-04-11 10:12:03 +0000  /var/folders/my/pzqllj9n63s5k73vnbmxmwfm0000gn/T/XcodeDistPipeline.~~~a7IjjH/Root/Payload/Parkfuchs.app: replacing existing signature
2023-04-11 10:12:09 +0000  /var/folders/my/pzqllj9n63s5k73vnbmxmwfm0000gn/T/XcodeDistPipeline.~~~a7IjjH/Root/Payload/Parkfuchs.app: signed app bundle with Mach-O thin (arm64) [-9GD2HF977.de.test.parkfuchs]
2023-04-11 10:12:09 +0000  /usr/bin/codesign exited with 0
2023-04-11 10:12:09 +0000  Processing step: IDEDistributionZipODRItemStep
2023-04-11 10:12:09 +0000  Skipping step: IDEDistributionZipODRItemStep because it said so
2023-04-11 10:12:09 +0000  Processing step: IDEDistributionCreateIPAStep
2023-04-11 10:12:09 +0000  Running /usr/bin/ditto '-V' '-c' '-k' '--norsrc' '/var/folders/my/pzqllj9n63s5k73vnbmxmwfm0000gn/T/XcodeDistPipeline.~~~a7IjjH/Root' '/var/folders/my/pzqllj9n63s5k73vnbmxmwfm0000gn/T/XcodeDistPipeline.~~~a7IjjH/Packages/Parkfuchs.ipa'
2023-04-11 10:12:09 +0000  >>> Copying /var/folders/my/pzqllj9n63s5k73vnbmxmwfm0000gn/T/XcodeDistPipeline.~~~a7IjjH/Root 
2023-04-11 10:12:09 +0000  copying file ./Payload/Parkfuchs.app/_CodeSignature/CodeResources ... 
2023-04-11 10:12:09 +0000  2775 bytes for ./Payload/Parkfuchs.app/_CodeSignature/CodeResources
2023-04-11 10:12:09 +0000  copying file ./Payload/Parkfuchs.app/Parkfuchs ... 
2023-04-11 10:12:09 +0000  128576 bytes for ./Payload/Parkfuchs.app/Parkfuchs
2023-04-11 10:12:09 +0000  copying file ./Payload/Parkfuchs.app/AppIcon60x60@2x.png ... 
2023-04-11 10:12:09 +0000  13791 bytes for ./Payload/Parkfuchs.app/AppIcon60x60@2x.png
2023-04-11 10:12:09 +0000  copying file ./Payload/Parkfuchs.app/Assets.car ... 
2023-04-11 10:12:09 +0000  5645679 bytes for ./Payload/Parkfuchs.app/Assets.car
copying file ./Payload/Parkfuchs.app/AppIcon76x76@2x~ipad.png ... 
2023-04-11 10:12:09 +0000  18626 bytes for ./Payload/Parkfuchs.app/AppIcon76x76@2x~ipad.png
copying file ./Payload/Parkfuchs.app/embedded.mobileprovision ... 
2023-04-11 10:12:09 +0000  16279 bytes for ./Payload/Parkfuchs.app/embedded.mobileprovision
copying file ./Payload/Parkfuchs.app/Info.plist ... 
2023-04-11 10:12:09 +0000  1434 bytes for ./Payload/Parkfuchs.app/Info.plist
copying file ./Payload/Parkfuchs.app/PkgInfo ... 
2023-04-11 10:12:09 +0000  8 bytes for ./Payload/Parkfuchs.app/PkgInfo
2023-04-11 10:12:09 +0000  /usr/bin/ditto exited with 0
2023-04-11 10:12:09 +0000  Processing step: IDEDistributionAppStoreInformationStep
2023-04-11 10:12:09 +0000  Skipping step: IDEDistributionAppStoreInformationStep because it said so
2023-04-11 10:12:09 +0000  Processing step: IDEDistributionGenerateProcessedDistributionItems
2023-04-11 10:12:09 +0000  IDEDistributionItem init <DVTFilePath:0x60000bbd48c0:'/var/folders/my/pzqllj9n63s5k73vnbmxmwfm0000gn/T/XcodeDistPipeline.~~~a7IjjH/Root/Payload/Parkfuchs.app'>
2023-04-11 10:12:09 +0000  Processing step: IDEDistributionCreateManifestStep
